Using pre-set license
Built from '2020.3/staging' branch; Version is '2020.3.18f1 (a7d1c678663c) revision 10998214'; Using compiler version '192528614'; Build Type 'Release'
OS: 'Windows 10 Pro for Workstations; OS build 19042.1415; Version 2009; 64bit' Language: 'zh' Physical Memory: 32452 MB
BatchMode: 1, IsHumanControllingUs: 0, StartBugReporterOnCrash: 0, Is64bit: 1, IsPro: 0

COMMAND LINE ARGUMENTS:
D:\software\Unity\Editor\2020.3.18f1\Editor\Unity.exe
-adb2
-batchMode
-noUpm
-name
AssetImportWorker0
-projectPath
I:/Unity/ImageTrack
-logFile
Logs/AssetImportWorker0.log
-srvPort
50086
Successfully changed project path to: I:/Unity/ImageTrack
I:/Unity/ImageTrack
Using Asset Import Pipeline V2.
Refreshing native plugins compatible for Editor in 28.41 ms, found 2 plugins.
Preloading 0 native plugins for Editor in 0.00 ms.
Initialize engine version: 2020.3.18f1 (a7d1c678663c)
[Subsystems] Discovering subsystems at path D:/software/Unity/Editor/2020.3.18f1/Editor/Data/Resources/UnitySubsystems
[Subsystems] Discovering subsystems at path I:/Unity/ImageTrack/Assets
GfxDevice: creating device client; threaded=0
Direct3D:
    Version:  Direct3D 11.0 [level 11.1]
    Renderer: NVIDIA GeForce RTX 3070 (ID=0x2484)
    Vendor:   
    VRAM:     8043 MB
    Driver:   30.0.14.7141
Initialize mono
Mono path[0] = 'D:/software/Unity/Editor/2020.3.18f1/Editor/Data/Managed'
Mono path[1] = 'D:/software/Unity/Editor/2020.3.18f1/Editor/Data/MonoBleedingEdge/lib/mono/unityjit'
Mono config path = 'D:/software/Unity/Editor/2020.3.18f1/Editor/Data/MonoBleedingEdge/etc'
Using monoOptions --debugger-agent=transport=dt_socket,embedding=1,server=y,suspend=n,address=127.0.0.1:56720
Begin MonoManager ReloadAssembly
Registering precompiled unity dll's ...
Register platform support module: D:/software/Unity/Editor/2020.3.18f1/Editor/Data/PlaybackEngines/WebGLSupport/UnityEditor.WebGL.Extensions.dll
Register platform support module: D:/software/Unity/Editor/2020.3.18f1/Editor/Data/PlaybackEngines/WindowsStandaloneSupport/UnityEditor.WindowsStandalone.Extensions.dll
Registered in 0.001951 seconds.
Native extension for WindowsStandalone target not found
Native extension for WebGL target not found
Refreshing native plugins compatible for Editor in 51.10 ms, found 2 plugins.
Preloading 0 native plugins for Editor in 0.00 ms.
Mono: successfully reloaded assembly
- Completed reload, in  2.655 seconds
Domain Reload Profiling:
	ReloadAssembly (2655ms)
		BeginReloadAssembly (53ms)
			ExecutionOrderSort (0ms)
			DisableScriptedObjects (0ms)
			BackupInstance (0ms)
			ReleaseScriptingObjects (0ms)
			CreateAndSetChildDomain (1ms)
		EndReloadAssembly (457ms)
			LoadAssemblies (52ms)
			RebuildTransferFunctionScriptingTraits (0ms)
			SetupTypeCache (121ms)
			ReleaseScriptCaches (0ms)
			RebuildScriptCaches (79ms)
			SetupLoadedEditorAssemblies (160ms)
				LogAssemblyErrors (0ms)
				InitializePlatformSupportModulesInManaged (12ms)
				SetLoadedEditorAssemblies (1ms)
				RefreshPlugins (51ms)
				BeforeProcessingInitializeOnLoad (14ms)
				ProcessInitializeOnLoadAttributes (61ms)
				ProcessInitializeOnLoadMethodAttributes (21ms)
				AfterProcessingInitializeOnLoad (0ms)
				EditorAssembliesLoaded (0ms)
			ExecutionOrderSort2 (0ms)
			AwakeInstancesAfterBackupRestoration (0ms)
Platform modules already initialized, skipping
Registering precompiled user dll's ...
Registered in 0.002959 seconds.
Begin MonoManager ReloadAssembly
Native extension for WindowsStandalone target not found
Native extension for WebGL target not found
Refreshing native plugins compatible for Editor in 0.41 ms, found 2 plugins.
Preloading 0 native plugins for Editor in 0.00 ms.
Mono: successfully reloaded assembly
- Completed reload, in  1.150 seconds
Domain Reload Profiling:
	ReloadAssembly (1151ms)
		BeginReloadAssembly (173ms)
			ExecutionOrderSort (0ms)
			DisableScriptedObjects (7ms)
			BackupInstance (0ms)
			ReleaseScriptingObjects (0ms)
			CreateAndSetChildDomain (42ms)
		EndReloadAssembly (928ms)
			LoadAssemblies (99ms)
			RebuildTransferFunctionScriptingTraits (0ms)
			SetupTypeCache (285ms)
			ReleaseScriptCaches (1ms)
			RebuildScriptCaches (68ms)
			SetupLoadedEditorAssemblies (391ms)
				LogAssemblyErrors (0ms)
				InitializePlatformSupportModulesInManaged (5ms)
				SetLoadedEditorAssemblies (0ms)
				RefreshPlugins (0ms)
				BeforeProcessingInitializeOnLoad (85ms)
				ProcessInitializeOnLoadAttributes (291ms)
				ProcessInitializeOnLoadMethodAttributes (3ms)
				AfterProcessingInitializeOnLoad (5ms)
				EditorAssembliesLoaded (0ms)
			ExecutionOrderSort2 (0ms)
			AwakeInstancesAfterBackupRestoration (5ms)
Platform modules already initialized, skipping
========================================================================
Worker process is ready to serve import requests
Launched and connected shader compiler UnityShaderCompiler.exe after 0.14 seconds
Refreshing native plugins compatible for Editor in 0.58 ms, found 2 plugins.
Preloading 0 native plugins for Editor in 0.00 ms.
Unloading 1730 Unused Serialized files (Serialized files now loaded: 0)
System memory in use before: 78.4 MB.
System memory in use after: 78.5 MB.

Unloading 18 unused Assets to reduce memory usage. Loaded Objects now: 2164.
Total: 7.272400 ms (FindLiveObjects: 0.410400 ms CreateObjectMapping: 0.170300 ms MarkObjects: 6.590000 ms  DeleteObjects: 0.099500 ms)

AssetImportParameters requested are different than current active one (requested -> active):
  custom:framework-win-MediaFoundation: 216162199b28c13a410421893ffa2e32 -> 
  custom:video-decoder-ogg-theora: a1e56fd34408186e4bbccfd4996cb3dc -> 
  custom:container-muxer-webm: aa71ff27fc2769a1b78a27578f13a17b -> 
  custom:container-demuxer-webm: 4f35f7cbe854078d1ac9338744f61a02 -> 
  custom:container-demuxer-ogg: 62fdf1f143b41e24485cea50d1cbac27 -> 
  custom:video-encoder-webm-vp8: eb34c28f22e8b96e1ab97ce403110664 -> 
  custom:video-codec-MediaFoundation-h265: 746d11721c4dcdbdad8f713fa42b33f4 -> 
  custom:video-decoder-webm-vp8: 9c59270c3fd7afecdb556c50c9e8de78 -> 
  custom:audio-decoder-ogg-vorbis: bf7c407c2cedff20999df2af8eb42d56 -> 
  custom:audio-encoder-webm-vorbis: bf7c407c2cedff20999df2af8eb42d56 -> 
========================================================================
Received Import Request.
  path: Assets
  artifactKey: Guid(00000000000000001000000000000000) Importer(815301076,1909f56bfc062723c751e8b465ee728b)
Start importing Assets using Guid(00000000000000001000000000000000) Importer(815301076,1909f56bfc062723c751e8b465ee728b)  -> (artifact id: '42d402b061de3733987d63b9cc3b64de') in 0.013657 seconds 
  Import took 0.020317 seconds .

========================================================================
Received Import Request.
  Time since last request: 9.829522 seconds.
  path: Assets/ReferenceLibrary
  artifactKey: Guid(3129164e4fca2c54baa1b0bb2268ca7a) Importer(815301076,1909f56bfc062723c751e8b465ee728b)
Start importing Assets/ReferenceLibrary using Guid(3129164e4fca2c54baa1b0bb2268ca7a) Importer(815301076,1909f56bfc062723c751e8b465ee728b)  -> (artifact id: 'ef3bd4f4470c1ec1c046b11be4256da5') in 0.011565 seconds 
  Import took 0.018874 seconds .

========================================================================
Received Import Request.
  Time since last request: 0.001870 seconds.
  path: Assets/ReferenceLibrary
  artifactKey: Guid(3129164e4fca2c54baa1b0bb2268ca7a) Importer(815301076,1909f56bfc062723c751e8b465ee728b)
Start importing Assets/ReferenceLibrary using Guid(3129164e4fca2c54baa1b0bb2268ca7a) Importer(815301076,1909f56bfc062723c751e8b465ee728b)  -> (artifact id: 'ef3bd4f4470c1ec1c046b11be4256da5') in 0.009003 seconds 
  Import took 0.015283 seconds .

========================================================================
Received Import Request.
  Time since last request: 21.276753 seconds.
  path: Assets/ReferenceLibrary/ReferenceImageLibrary.asset
  artifactKey: Guid(3aae1c09f1ea0d14093c864c1c7def9a) Importer(815301076,1909f56bfc062723c751e8b465ee728b)
Start importing Assets/ReferenceLibrary/ReferenceImageLibrary.asset using Guid(3aae1c09f1ea0d14093c864c1c7def9a) Importer(815301076,1909f56bfc062723c751e8b465ee728b)  -> (artifact id: 'c376cf31653c627dde98a634dc1e4b52') in 0.063397 seconds 
  Import took 0.069963 seconds .

========================================================================
Received Import Request.
  Time since last request: 181.832641 seconds.
  path: Assets/ReferenceLibrary/hashiqi.PNG
  artifactKey: Guid(72b6c2bb54dc590419593060b5097493) Importer(815301076,1909f56bfc062723c751e8b465ee728b)
Start importing Assets/ReferenceLibrary/hashiqi.PNG using Guid(72b6c2bb54dc590419593060b5097493) Importer(815301076,1909f56bfc062723c751e8b465ee728b)  -> (artifact id: 'bcf74547a203ae693e62d3c3b53c66f5') in 0.126016 seconds 
  Import took 0.131898 seconds .

========================================================================
Received Import Request.
  Time since last request: 59.621298 seconds.
  path: Assets/Video
  artifactKey: Guid(b850bfaa463c9f7468c3ad080fa94b7a) Importer(815301076,1909f56bfc062723c751e8b465ee728b)
Start importing Assets/Video using Guid(b850bfaa463c9f7468c3ad080fa94b7a) Importer(815301076,1909f56bfc062723c751e8b465ee728b)  -> (artifact id: '61000d313ce1d3e4d8eb2b4069f8f123') in 0.010239 seconds 
  Import took 0.017703 seconds .

========================================================================
Received Import Request.
  Time since last request: 8.806287 seconds.
  path: Assets/Material
  artifactKey: Guid(ca98df574efc77642b0cdba046cc5c0e) Importer(815301076,1909f56bfc062723c751e8b465ee728b)
Start importing Assets/Material using Guid(ca98df574efc77642b0cdba046cc5c0e) Importer(815301076,1909f56bfc062723c751e8b465ee728b)  -> (artifact id: 'd89288d042e282582a6a728ce3dcdafa') in 0.011201 seconds 
  Import took 0.017556 seconds .

========================================================================
Received Import Request.
  Time since last request: 30.444985 seconds.
  path: Assets/Texture
  artifactKey: Guid(0c848b815849fbb488a8b7d08337a68a) Importer(815301076,1909f56bfc062723c751e8b465ee728b)
Start importing Assets/Texture using Guid(0c848b815849fbb488a8b7d08337a68a) Importer(815301076,1909f56bfc062723c751e8b465ee728b)  -> (artifact id: '704647fb29385191651aebeccb5bf236') in 0.009902 seconds 
  Import took 0.015675 seconds .

========================================================================
Received Import Request.
  Time since last request: 1.580679 seconds.
  path: Assets/Scenes
  artifactKey: Guid(70eca21b1ffe86c4284f6901762e8ef6) Importer(815301076,1909f56bfc062723c751e8b465ee728b)
Start importing Assets/Scenes using Guid(70eca21b1ffe86c4284f6901762e8ef6) Importer(815301076,1909f56bfc062723c751e8b465ee728b)  -> (artifact id: '30b6bfedddfa68b2ac75e85272beffb1') in 0.006712 seconds 
  Import took 0.010519 seconds .

========================================================================
Received Import Request.
  Time since last request: 62.760744 seconds.
  path: Assets/Material/Image.mat
  artifactKey: Guid(0d2cdaa029b92b646ac5a523d19d7698) Importer(815301076,1909f56bfc062723c751e8b465ee728b)
Start importing Assets/Material/Image.mat using Guid(0d2cdaa029b92b646ac5a523d19d7698) Importer(815301076,1909f56bfc062723c751e8b465ee728b)  -> (artifact id: 'a7d7d0d29f1652bb68eafed8116b86fe') in 0.093793 seconds 
  Import took 0.098884 seconds .

========================================================================
Received Import Request.
  Time since last request: 19.755407 seconds.
  path: Assets/Material/ImageMat.mat
  artifactKey: Guid(0d2cdaa029b92b646ac5a523d19d7698) Importer(815301076,1909f56bfc062723c751e8b465ee728b)
Start importing Assets/Material/ImageMat.mat using Guid(0d2cdaa029b92b646ac5a523d19d7698) Importer(815301076,1909f56bfc062723c751e8b465ee728b)  -> (artifact id: 'e794187d6b1a0f15d78262679f87c8df') in 0.034572 seconds 
  Import took 0.039245 seconds .

========================================================================
Received Import Request.
  Time since last request: 878.791670 seconds.
  path: Assets/Video/test.mp4
  artifactKey: Guid(13474bcbba50c124b9b2bb27dc82e0ae) Importer(815301076,1909f56bfc062723c751e8b465ee728b)
Start importing Assets/Video/test.mp4 using Guid(13474bcbba50c124b9b2bb27dc82e0ae) Importer(815301076,1909f56bfc062723c751e8b465ee728b)  -> (artifact id: 'bd1f898047acf0a14e181c7cfda5c917') in 0.017325 seconds 
  Import took 0.022497 seconds .

========================================================================
Received Import Request.
  Time since last request: 172.126278 seconds.
  path: Assets/ReferenceLibrary/ReferenceImageLibrary.asset
  artifactKey: Guid(3aae1c09f1ea0d14093c864c1c7def9a) Importer(815301076,1909f56bfc062723c751e8b465ee728b)
Start importing Assets/ReferenceLibrary/ReferenceImageLibrary.asset using Guid(3aae1c09f1ea0d14093c864c1c7def9a) Importer(815301076,1909f56bfc062723c751e8b465ee728b)  -> (artifact id: 'ad0b7c4f2f7d8e84fc824e797b22dd53') in 0.047930 seconds 
  Import took 0.057102 seconds .

========================================================================
Received Import Request.
  Time since last request: 85.873167 seconds.
  path: Assets/Material/ImageMat.mat
  artifactKey: Guid(0d2cdaa029b92b646ac5a523d19d7698) Importer(815301076,1909f56bfc062723c751e8b465ee728b)
Start importing Assets/Material/ImageMat.mat using Guid(0d2cdaa029b92b646ac5a523d19d7698) Importer(815301076,1909f56bfc062723c751e8b465ee728b)  -> (artifact id: 'e1154e60ae83c0afb22f77dd05b8b047') in 0.053036 seconds 
  Import took 0.056632 seconds .

========================================================================
Received Import Request.
  Time since last request: 0.000814 seconds.
  path: Assets/Material/ImageMat.mat
  artifactKey: Guid(0d2cdaa029b92b646ac5a523d19d7698) Importer(815301076,1909f56bfc062723c751e8b465ee728b)
Start importing Assets/Material/ImageMat.mat using Guid(0d2cdaa029b92b646ac5a523d19d7698) Importer(815301076,1909f56bfc062723c751e8b465ee728b)  -> (artifact id: 'e1154e60ae83c0afb22f77dd05b8b047') in 0.030780 seconds 
  Import took 0.033857 seconds .

========================================================================
Received Import Request.
  Time since last request: 65.469371 seconds.
  path: Assets/Prefabs
  artifactKey: Guid(4a958e632e1311a499c35006b0bade64) Importer(815301076,1909f56bfc062723c751e8b465ee728b)
Start importing Assets/Prefabs using Guid(4a958e632e1311a499c35006b0bade64) Importer(815301076,1909f56bfc062723c751e8b465ee728b)  -> (artifact id: '84cf0f0d7afd0d66f456687f669a0ed4') in 0.029152 seconds 
  Import took 0.034809 seconds .

========================================================================
Received Prepare
Registering precompiled user dll's ...
Registered in 0.003046 seconds.
Begin MonoManager ReloadAssembly
Native extension for WindowsStandalone target not found
Native extension for WebGL target not found
Refreshing native plugins compatible for Editor in 0.39 ms, found 2 plugins.
Preloading 0 native plugins for Editor in 0.00 ms.
Mono: successfully reloaded assembly
- Completed reload, in  0.959 seconds
Domain Reload Profiling:
	ReloadAssembly (960ms)
		BeginReloadAssembly (213ms)
			ExecutionOrderSort (0ms)
			DisableScriptedObjects (6ms)
			BackupInstance (0ms)
			ReleaseScriptingObjects (0ms)
			CreateAndSetChildDomain (73ms)
		EndReloadAssembly (695ms)
			LoadAssemblies (116ms)
			RebuildTransferFunctionScriptingTraits (0ms)
			SetupTypeCache (218ms)
			ReleaseScriptCaches (1ms)
			RebuildScriptCaches (30ms)
			SetupLoadedEditorAssemblies (290ms)
				LogAssemblyErrors (0ms)
				InitializePlatformSupportModulesInManaged (5ms)
				SetLoadedEditorAssemblies (0ms)
				RefreshPlugins (0ms)
				BeforeProcessingInitializeOnLoad (65ms)
				ProcessInitializeOnLoadAttributes (213ms)
				ProcessInitializeOnLoadMethodAttributes (3ms)
				AfterProcessingInitializeOnLoad (5ms)
				EditorAssembliesLoaded (0ms)
			ExecutionOrderSort2 (0ms)
			AwakeInstancesAfterBackupRestoration (5ms)
Platform modules already initialized, skipping
Switching build target platform(19) subTarget(0) extendedPlatform(0) -> platform(13) subTarget(537395200) extendedPlatform(0)
Refreshing native plugins compatible for Editor in 0.85 ms, found 2 plugins.
Preloading 0 native plugins for Editor in 0.00 ms.
Unloading 1723 Unused Serialized files (Serialized files now loaded: 0)
System memory in use before: 81.5 MB.
System memory in use after: 81.6 MB.

Unloading 13 unused Assets to reduce memory usage. Loaded Objects now: 2209.
Total: 7.324900 ms (FindLiveObjects: 0.407400 ms CreateObjectMapping: 0.168000 ms MarkObjects: 6.703900 ms  DeleteObjects: 0.043600 ms)

AssetImportParameters requested are different than current active one (requested -> active):
  custom:framework-win-MediaFoundation: 216162199b28c13a410421893ffa2e32 -> 
  custom:video-decoder-ogg-theora: a1e56fd34408186e4bbccfd4996cb3dc -> 
  custom:container-muxer-webm: aa71ff27fc2769a1b78a27578f13a17b -> 
  custom:container-demuxer-webm: 4f35f7cbe854078d1ac9338744f61a02 -> 
  custom:container-demuxer-ogg: 62fdf1f143b41e24485cea50d1cbac27 -> 
  custom:video-encoder-webm-vp8: eb34c28f22e8b96e1ab97ce403110664 -> 
  custom:video-codec-MediaFoundation-h265: 746d11721c4dcdbdad8f713fa42b33f4 -> 
  custom:video-decoder-webm-vp8: 9c59270c3fd7afecdb556c50c9e8de78 -> 
  custom:graphics/normal-map-encoding: 01000000000000000000000000000000 -> 02000000000000000000000000000000
  custom:audio-decoder-ogg-vorbis: bf7c407c2cedff20999df2af8eb42d56 -> 
  custom:audio-encoder-webm-vorbis: bf7c407c2cedff20999df2af8eb42d56 -> 
========================================================================
Received Import Request.
  Time since last request: 221.563888 seconds.
  path: Assets/Prefabs/VideoPlaybackQuad.prefab
  artifactKey: Guid(6a3b2cf550a181642950122393bb5454) Importer(815301076,1909f56bfc062723c751e8b465ee728b)
Start importing Assets/Prefabs/VideoPlaybackQuad.prefab using Guid(6a3b2cf550a181642950122393bb5454) Importer(815301076,1909f56bfc062723c751e8b465ee728b)  -> (artifact id: '93cf768cefa512ecd88d479dca7875a3') in 0.170246 seconds 
  Import took 0.177507 seconds .

========================================================================
Received Import Request.
  Time since last request: 330.124775 seconds.
  path: Assets/Prefabs/ParentPrefab.prefab
  artifactKey: Guid(e41e894040d3cea4985fd0d2ef1e02f8) Importer(815301076,1909f56bfc062723c751e8b465ee728b)
Start importing Assets/Prefabs/ParentPrefab.prefab using Guid(e41e894040d3cea4985fd0d2ef1e02f8) Importer(815301076,1909f56bfc062723c751e8b465ee728b)  -> (artifact id: '818cc183f22164484d44499544cf7489') in 0.055241 seconds 
  Import took 0.064518 seconds .

========================================================================
Received Prepare
Switching build target platform(13) subTarget(537395200) extendedPlatform(0) -> platform(13) subTarget(524288) extendedPlatform(0)
Refreshing native plugins compatible for Editor in 2.67 ms, found 2 plugins.
Preloading 0 native plugins for Editor in 0.00 ms.
Unloading 10 Unused Serialized files (Serialized files now loaded: 0)
System memory in use before: 47.5 MB.
System memory in use after: 47.6 MB.

Unloading 10 unused Assets to reduce memory usage. Loaded Objects now: 2210.
Total: 7.359600 ms (FindLiveObjects: 0.235200 ms CreateObjectMapping: 0.037400 ms MarkObjects: 7.038500 ms  DeleteObjects: 0.046800 ms)

AssetImportParameters requested are different than current active one (requested -> active):
  buildTarget: platform 13, subtarget 524288, extendedPlatform 0 -> platform 13, subtarget 537395200, extendedPlatform 0
  graphicsApiMask: 2048 -> 2099200
  custom:framework-win-MediaFoundation: 216162199b28c13a410421893ffa2e32 -> 
  custom:video-decoder-ogg-theora: a1e56fd34408186e4bbccfd4996cb3dc -> 
  custom:container-muxer-webm: aa71ff27fc2769a1b78a27578f13a17b -> 
  custom:container-demuxer-webm: 4f35f7cbe854078d1ac9338744f61a02 -> 
  custom:container-demuxer-ogg: 62fdf1f143b41e24485cea50d1cbac27 -> 
  custom:video-encoder-webm-vp8: eb34c28f22e8b96e1ab97ce403110664 -> 
  custom:video-codec-MediaFoundation-h265: 746d11721c4dcdbdad8f713fa42b33f4 -> 
  custom:video-decoder-webm-vp8: 9c59270c3fd7afecdb556c50c9e8de78 -> 
  custom:audio-decoder-ogg-vorbis: bf7c407c2cedff20999df2af8eb42d56 -> 
  custom:audio-encoder-webm-vorbis: bf7c407c2cedff20999df2af8eb42d56 -> 
========================================================================
Received Prepare
Switching build target platform(13) subTarget(537395200) extendedPlatform(0) -> platform(13) subTarget(589824) extendedPlatform(0)
Refreshing native plugins compatible for Editor in 2.62 ms, found 2 plugins.
Preloading 0 native plugins for Editor in 0.00 ms.
Unloading 10 Unused Serialized files (Serialized files now loaded: 0)
System memory in use before: 47.5 MB.
System memory in use after: 47.6 MB.

Unloading 10 unused Assets to reduce memory usage. Loaded Objects now: 2210.
Total: 6.381300 ms (FindLiveObjects: 0.205200 ms CreateObjectMapping: 0.039200 ms MarkObjects: 6.105700 ms  DeleteObjects: 0.030400 ms)

AssetImportParameters requested are different than current active one (requested -> active):
  buildTarget: platform 13, subtarget 589824, extendedPlatform 0 -> platform 13, subtarget 537395200, extendedPlatform 0
  graphicsApiMask: 2304 -> 2099200
  custom:framework-win-MediaFoundation: 216162199b28c13a410421893ffa2e32 -> 
  custom:video-decoder-ogg-theora: a1e56fd34408186e4bbccfd4996cb3dc -> 
  custom:container-muxer-webm: aa71ff27fc2769a1b78a27578f13a17b -> 
  custom:container-demuxer-webm: 4f35f7cbe854078d1ac9338744f61a02 -> 
  custom:container-demuxer-ogg: 62fdf1f143b41e24485cea50d1cbac27 -> 
  custom:video-encoder-webm-vp8: eb34c28f22e8b96e1ab97ce403110664 -> 
  custom:video-codec-MediaFoundation-h265: 746d11721c4dcdbdad8f713fa42b33f4 -> 
  custom:video-decoder-webm-vp8: 9c59270c3fd7afecdb556c50c9e8de78 -> 
  custom:audio-decoder-ogg-vorbis: bf7c407c2cedff20999df2af8eb42d56 -> 
  custom:audio-encoder-webm-vorbis: bf7c407c2cedff20999df2af8eb42d56 -> 
========================================================================
Received Prepare
Refreshing native plugins compatible for Editor in 2.48 ms, found 2 plugins.
Preloading 0 native plugins for Editor in 0.00 ms.
Unloading 10 Unused Serialized files (Serialized files now loaded: 0)
System memory in use before: 47.5 MB.
System memory in use after: 47.6 MB.

Unloading 9 unused Assets to reduce memory usage. Loaded Objects now: 2211.
Total: 7.092100 ms (FindLiveObjects: 0.201200 ms CreateObjectMapping: 0.038900 ms MarkObjects: 6.838000 ms  DeleteObjects: 0.013100 ms)

AssetImportParameters requested are different than current active one (requested -> active):
  custom:framework-win-MediaFoundation: 216162199b28c13a410421893ffa2e32 -> 
  custom:video-decoder-ogg-theora: a1e56fd34408186e4bbccfd4996cb3dc -> 
  custom:container-muxer-webm: aa71ff27fc2769a1b78a27578f13a17b -> 
  custom:container-demuxer-webm: 4f35f7cbe854078d1ac9338744f61a02 -> 
  custom:container-demuxer-ogg: 62fdf1f143b41e24485cea50d1cbac27 -> 
  custom:video-encoder-webm-vp8: eb34c28f22e8b96e1ab97ce403110664 -> 
  custom:video-codec-MediaFoundation-h265: 746d11721c4dcdbdad8f713fa42b33f4 -> 
  custom:video-decoder-webm-vp8: 9c59270c3fd7afecdb556c50c9e8de78 -> 
  custom:audio-decoder-ogg-vorbis: bf7c407c2cedff20999df2af8eb42d56 -> 
  custom:audio-encoder-webm-vorbis: bf7c407c2cedff20999df2af8eb42d56 -> 
